<?xml version="1.0" encoding="UTF-8"?>
<!-- Generated by org.testng.reporters.JUnitReportReporter -->
<testsuite hostname="DESKTOP-IEPVL3O" failures="0" tests="1" name="execution.HomePageRunner" time="11.433" errors="0" timestamp="2023-08-07T11:58:40 IST" skipped="0">
  <testcase classname="execution.HomePageRunner" name="runScenario" time="11.433"/>
  <system-out/>
</testsuite> <!-- execution.HomePageRunner -->
